0 info it worked if it ends with ok
1 verbose cli [ '/home/himanshupandey/.nvm/versions/node/v6.2.2/bin/node',
1 verbose cli   '/home/himanshupandey/.nvm/versions/node/v6.2.2/bin/npm',
1 verbose cli   'run',
1 verbose cli   'client' ]
2 info using npm@3.9.5
3 info using node@v6.2.2
4 verbose run-script [ 'preclient', 'client', 'postclient' ]
5 info lifecycle fileupload@1.0.0~preclient: fileupload@1.0.0
6 silly lifecycle fileupload@1.0.0~preclient: no script for preclient, continuing
7 info lifecycle fileupload@1.0.0~client: fileupload@1.0.0
8 verbose lifecycle fileupload@1.0.0~client: unsafe-perm in lifecycle true
9 verbose lifecycle fileupload@1.0.0~client: PATH: /home/himanshupandey/.nvm/versions/node/v6.2.2/lib/node_modules/npm/bin/node-gyp-bin:/home/himanshupandey/Documents/Study/MindTickle/fileUpload/node_modules/.bin:/home/himanshupandey/.nvm/versions/node/v6.2.2/bin:/home/himanshupandey/.nvm/versions/node/v6.2.2/lib/node_modules/npm/bin/node-gyp-bin:/home/himanshupandey/Documents/Study/MindTickle/fileUpload/node_modules/.bin:/home/himanshupandey/.nvm/versions/node/v6.2.2/bin:/home/himanshupandey/.nvm/versions/node/v6.2.2/bin:/home/himanshupandey/bin:/home/himanshupandey/.local/bin:/usr/local/sbin:/usr/local/bin:/usr/sbin:/usr/bin:/sbin:/bin:/usr/games:/usr/local/games:/snap/bin:/usr/local/go/bin
10 verbose lifecycle fileupload@1.0.0~client: CWD: /home/himanshupandey/Documents/Study/MindTickle/fileUpload
11 silly lifecycle fileupload@1.0.0~client: Args: [ '-c', 'npm start --prefix client' ]
12 silly lifecycle fileupload@1.0.0~client: Returned: code: 1  signal: null
13 info lifecycle fileupload@1.0.0~client: Failed to exec client script
14 verbose stack Error: fileupload@1.0.0 client: `npm start --prefix client`
14 verbose stack Exit status 1
14 verbose stack     at EventEmitter.<anonymous> (/home/himanshupandey/.nvm/versions/node/v6.2.2/lib/node_modules/npm/lib/utils/lifecycle.js:245:16)
14 verbose stack     at emitTwo (events.js:106:13)
14 verbose stack     at EventEmitter.emit (events.js:191:7)
14 verbose stack     at ChildProcess.<anonymous> (/home/himanshupandey/.nvm/versions/node/v6.2.2/lib/node_modules/npm/lib/utils/spawn.js:24:14)
14 verbose stack     at emitTwo (events.js:106:13)
14 verbose stack     at ChildProcess.emit (events.js:191:7)
14 verbose stack     at maybeClose (internal/child_process.js:852:16)
14 verbose stack     at Process.ChildProcess._handle.onexit (internal/child_process.js:215:5)
15 verbose pkgid fileupload@1.0.0
16 verbose cwd /home/himanshupandey/Documents/Study/MindTickle/fileUpload
17 error Linux 4.15.0-52-generic
18 error argv "/home/himanshupandey/.nvm/versions/node/v6.2.2/bin/node" "/home/himanshupandey/.nvm/versions/node/v6.2.2/bin/npm" "run" "client"
19 error node v6.2.2
20 error npm  v3.9.5
21 error code ELIFECYCLE
22 error fileupload@1.0.0 client: `npm start --prefix client`
22 error Exit status 1
23 error Failed at the fileupload@1.0.0 client script 'npm start --prefix client'.
23 error Make sure you have the latest version of node.js and npm installed.
23 error If you do, this is most likely a problem with the fileupload package,
23 error not with npm itself.
23 error Tell the author that this fails on your system:
23 error     npm start --prefix client
23 error You can get information on how to open an issue for this project with:
23 error     npm bugs fileupload
23 error Or if that isn't available, you can get their info via:
23 error     npm owner ls fileupload
23 error There is likely additional logging output above.
24 verbose exit [ 1, true ]
